This INFO message came from my job: lolkek

------------------------------------------------------------
Sender: LSF System <lsfadmin@node-14-07>
Subject: Job 13246: <#BSUB -G farm-course;#BSUB -q "normal";#BSUB -n 1;#BSUB -M 2G;#BSUB -R "select[mem>2G] rusage[mem=2G]";#BSUB -o "output%J.log";#BSUB -e "error%J.log";  echo "This file was created by my job: lolkek" > results/lolkek.txt; echo "This INFO message came from my job: lolkek";echo "This ERROR message came from my job: sad lolkek" >&2> in cluster <farm22> Done

Job <#BSUB -G farm-course;#BSUB -q "normal";#BSUB -n 1;#BSUB -M 2G;#BSUB -R "select[mem>2G] rusage[mem=2G]";#BSUB -o "output%J.log";#BSUB -e "error%J.log";  echo "This file was created by my job: lolkek" > results/lolkek.txt; echo "This INFO message came from my job: lolkek";echo "This ERROR message came from my job: sad lolkek" >&2> was submitted from host <farm22-head2> by user <ab76> in cluster <farm22> at Fri Jul 11 14:09:40 2025
Job was executed on host(s) <node-14-07>, in queue <normal>, as user <ab76> in cluster <farm22> at Fri Jul 11 14:09:42 2025
</nfs/users/nfs_a/ab76> was used as the home directory.
</nfs/users/nfs_a/ab76/farm-course> was used as the working directory.
Started at Fri Jul 11 14:09:42 2025
Terminated at Fri Jul 11 14:09:50 2025
Results reported at Fri Jul 11 14:09:50 2025

Your job looked like:

------------------------------------------------------------
# LSBATCH: User input
#BSUB -G farm-course
#BSUB -q "normal"
#BSUB -n 1
#BSUB -M 2G
#BSUB -R "select[mem>2G] rusage[mem=2G]"
#BSUB -o "output%J.log"
#BSUB -e "error%J.log"


echo "This file was created by my job: lolkek" > results/lolkek.txt

echo "This INFO message came from my job: lolkek"
echo "This ERROR message came from my job: sad lolkek" >&2
------------------------------------------------------------

Successfully completed.

Resource usage summary:

    CPU time :                                   0.03 sec.
    Max Memory :                                 1 MB
    Average Memory :                             1.00 MB
    Total Requested Memory :                     2048.00 MB
    Delta Memory :                               2047.00 MB
    Max Swap :                                   -
    Max Processes :                              1
    Max Threads :                                1
    Run time :                                   8 sec.
    Turnaround time :                            10 sec.

The output (if any) is above this job summary.



PS:

Read file <logs/error13246.log> for stderr output of this job.

