Running Python script with python module
Lolkek... Can't you do simple math?
Okay... 1 + 2 = 3.0
Running Python script with Singularity
Lolkek... Can't you do simple math?
Okay... 3 + 4 = 7.0
Running Python script with Conda
Lolkek... Can't you do simple math?
Okay... 5 + 6 = 11.0

------------------------------------------------------------
Sender: LSF System <lsfadmin@node-14-07>
Subject: Job 13308: <#BSUB -G cellgeni;#BSUB -q "normal";#BSUB -n 1;#BSUB -M 2G;#BSUB -R "select[mem>2G] rusage[mem=2G]";#BSUB -o "logs/pythonOutput%J.log";#BSUB -e "logs/pythonError%J.log"; # Let's do it with python module;echo "Running Python script with python module";module load ISG/python/3.12.3;python3 ./scripts/add_values.py 1 2; # Let's do it with singularity;echo "Running Python script with Singularity";module load cellgen/singularity;singularity exec \;  --bind /lustre,/nfs \;  /nfs/cellgeni/singularity/images/python-3.7.sif \;  python ./scripts/add_values.py 3 4; # Let's do it with conda;echo "Running Python script with Conda";module load ISG/conda;conda activate mypyenv;python ./scripts/add_values.py 5 6> in cluster <farm22> Done

Job <#BSUB -G cellgeni;#BSUB -q "normal";#BSUB -n 1;#BSUB -M 2G;#BSUB -R "select[mem>2G] rusage[mem=2G]";#BSUB -o "logs/pythonOutput%J.log";#BSUB -e "logs/pythonError%J.log"; # Let's do it with python module;echo "Running Python script with python module";module load ISG/python/3.12.3;python3 ./scripts/add_values.py 1 2; # Let's do it with singularity;echo "Running Python script with Singularity";module load cellgen/singularity;singularity exec \;  --bind /lustre,/nfs \;  /nfs/cellgeni/singularity/images/python-3.7.sif \;  python ./scripts/add_values.py 3 4; # Let's do it with conda;echo "Running Python script with Conda";module load ISG/conda;conda activate mypyenv;python ./scripts/add_values.py 5 6> was submitted from host <farm22-head2> by user <ab76> in cluster <farm22> at Fri Jul 11 14:12:02 2025
Job was executed on host(s) <node-14-07>, in queue <normal>, as user <ab76> in cluster <farm22> at Fri Jul 11 14:12:07 2025
</nfs/users/nfs_a/ab76> was used as the home directory.
</nfs/users/nfs_a/ab76/farm-course> was used as the working directory.
Started at Fri Jul 11 14:12:07 2025
Terminated at Fri Jul 11 14:12:16 2025
Results reported at Fri Jul 11 14:12:16 2025

Your job looked like:

------------------------------------------------------------
# LSBATCH: User input
#BSUB -G cellgeni
#BSUB -q "normal"
#BSUB -n 1
#BSUB -M 2G
#BSUB -R "select[mem>2G] rusage[mem=2G]"
#BSUB -o "logs/pythonOutput%J.log"
#BSUB -e "logs/pythonError%J.log"

# Let's do it with python module
echo "Running Python script with python module"
module load ISG/python/3.12.3
python3 ./scripts/add_values.py 1 2

# Let's do it with singularity
echo "Running Python script with Singularity"
module load cellgen/singularity
singularity exec \
  --bind /lustre,/nfs \
  /nfs/cellgeni/singularity/images/python-3.7.sif \
  python ./scripts/add_values.py 3 4

# Let's do it with conda
echo "Running Python script with Conda"
module load ISG/conda
conda activate mypyenv
python ./scripts/add_values.py 5 6
------------------------------------------------------------

Successfully completed.

Resource usage summary:

    CPU time :                                   1.00 sec.
    Max Memory :                                 13 MB
    Average Memory :                             9.00 MB
    Total Requested Memory :                     2048.00 MB
    Delta Memory :                               2035.00 MB
    Max Swap :                                   -
    Max Processes :                              5
    Max Threads :                                13
    Run time :                                   13 sec.
    Turnaround time :                            14 sec.

The output (if any) is above this job summary.



PS:

Read file <logs/pythonError13308.log> for stderr output of this job.

